[debug] [2024-08-25T13:18:47.826Z] ----------------------------------------------------------------------
[debug] [2024-08-25T13:18:47.829Z] Command:       C:\Program Files\nodejs\node.exe C:\Users\Nick\AppData\Roaming\npm\node_modules\firebase-tools\lib\bin\firebase.js init
[debug] [2024-08-25T13:18:47.830Z] CLI Version:   13.15.4
[debug] [2024-08-25T13:18:47.830Z] Platform:      win32
[debug] [2024-08-25T13:18:47.830Z] Node Version:  v20.17.0
[debug] [2024-08-25T13:18:47.830Z] Time:          Sun Aug 25 2024 22:18:47 GMT+0900 (대한민국 표준시)
[debug] [2024-08-25T13:18:47.830Z] ----------------------------------------------------------------------
[debug] 
[debug] [2024-08-25T13:18:47.901Z] > command requires scopes: ["email","openid","https://www.googleapis.com/auth/cloudplatformprojects.readonly","https://www.googleapis.com/auth/firebase","https://www.googleapis.com/auth/cloud-platform"]
[debug] [2024-08-25T13:18:47.902Z] > authorizing via signed-in user (urukuru.kr@gmail.com)
[info] 
     ######## #### ########  ######## ########     ###     ######  ########
     ##        ##  ##     ## ##       ##     ##  ##   ##  ##       ##
     ######    ##  ########  ######   ########  #########  ######  ######
     ##        ##  ##    ##  ##       ##     ## ##     ##       ## ##
     ##       #### ##     ## ######## ########  ##     ##  ######  ########

You're about to initialize a Firebase project in this directory:

  C:\react\portfolio

Before we get started, keep in mind:

  * You are currently outside your home directory
  * You are initializing within an existing Firebase project directory

